This is pdfTeX, Version 3.1415926-2.4-1.40.13 (TeX Live 2012) (format=pdflatex 2012.9.16)  25 NOV 2012 19:05
entering extended mode
 restricted \write18 enabled.
 %&-line parsing enabled.
**main.tex
(./main.tex
LaTeX2e <2011/06/27>
Babel <v3.8m> and hyphenation patterns for english, dumylang, nohyphenation, ge
rman-x-2012-05-30, ngerman-x-2012-05-30, afrikaans, ancientgreek, ibycus, arabi
c, armenian, basque, bulgarian, catalan, pinyin, coptic, croatian, czech, danis
h, dutch, ukenglish, usenglishmax, esperanto, estonian, ethiopic, farsi, finnis
h, french, friulan, galician, german, ngerman, swissgerman, monogreek, greek, h
ungarian, icelandic, assamese, bengali, gujarati, hindi, kannada, malayalam, ma
rathi, oriya, panjabi, tamil, telugu, indonesian, interlingua, irish, italian, 
kurmanji, latin, latvian, lithuanian, mongolian, mongolianlmc, bokmal, nynorsk,
 polish, portuguese, romanian, romansh, russian, sanskrit, serbian, serbianc, s
lovak, slovenian, spanish, swedish, turkish, turkmen, ukrainian, uppersorbian, 
welsh, loaded.
(/usr/local/texlive/2012/texmf-dist/tex/latex/base/article.cls
Document Class: article 2007/10/19 v1.4h Standard LaTeX document class
(/usr/local/texlive/2012/texmf-dist/tex/latex/base/size11.clo
File: size11.clo 2007/10/19 v1.4h Standard LaTeX file (size option)
)
\c@part=\count79
\c@section=\count80
\c@subsection=\count81
\c@subsubsection=\count82
\c@paragraph=\count83
\c@subparagraph=\count84
\c@figure=\count85
\c@table=\count86
\abovecaptionskip=\skip41
\belowcaptionskip=\skip42
\bibindent=\dimen102
) (./main.aux)
\openout1 = `main.aux'.

LaTeX Font Info:    Checking defaults for OML/cmm/m/it on input line 6.
LaTeX Font Info:    ... okay on input line 6.
LaTeX Font Info:    Checking defaults for T1/cmr/m/n on input line 6.
LaTeX Font Info:    ... okay on input line 6.
LaTeX Font Info:    Checking defaults for OT1/cmr/m/n on input line 6.
LaTeX Font Info:    ... okay on input line 6.
LaTeX Font Info:    Checking defaults for OMS/cmsy/m/n on input line 6.
LaTeX Font Info:    ... okay on input line 6.
LaTeX Font Info:    Checking defaults for OMX/cmex/m/n on input line 6.
LaTeX Font Info:    ... okay on input line 6.
LaTeX Font Info:    Checking defaults for U/cmr/m/n on input line 6.
LaTeX Font Info:    ... okay on input line 6.
LaTeX Font Info:    External font `cmex10' loaded for size
(Font)              <12> on input line 7.
LaTeX Font Info:    External font `cmex10' loaded for size
(Font)              <8> on input line 7.
LaTeX Font Info:    External font `cmex10' loaded for size
(Font)              <6> on input line 7.

(./main.toc)
\tf@toc=\write3
\openout3 = `main.toc'.

 [1

{/usr/local/texlive/2012/texmf-var/fonts/map/pdftex/updmap/pdftex.map}] [2] (./
main.aux) ) 
Here is how much of TeX's memory you used:
 234 strings out of 493488
 2493 string characters out of 3141326
 50432 words of memory out of 3000000
 3613 multiletter control sequences out of 15000+200000
 8196 words of font info for 29 fonts, out of 3000000 for 9000
 957 hyphenation exceptions out of 8191
 21i,6n,19p,135b,187s stack positions out of 5000i,500n,10000p,200000b,50000s
</usr/local/texlive/2012/texmf-dist/fonts/type1/public/amsfonts/cm/c
mbx10.pfb></usr/local/texlive/2012/texmf-dist/fonts/type1/public/amsfonts/cm/cm
bx12.pfb></usr/local/texlive/2012/texmf-dist/fonts/type1/public/amsfonts/cm/cmr
10.pfb></usr/local/texlive/2012/texmf-dist/fonts/type1/public/amsfonts/cm/cmr12
.pfb></usr/local/texlive/2012/texmf-dist/fonts/type1/public/amsfonts/cm/cmr17.p
fb>
Output written on main.pdf (2 pages, 62842 bytes).
PDF statistics:
 31 PDF objects out of 1000 (max. 8388607)
 21 compressed objects within 1 object stream
 0 named destinations out of 1000 (max. 500000)
 1 words of extra memory for PDF output out of 10000 (max. 10000000)

